20190225 22:10:23.139 W 25153          manager.py:262	DEPRECATION WARNING: Support for log_file_name argument is ending soon. Please start using log_name_prefix argument instead.
20190225 22:10:23.139 I 25153          manager.py:296	Creating agatehl1-011q
20190225 22:10:23.675 I 25153 test_device_base.py:168	agatehl1-011q adding 'usb_hub' for hub cambrionix-axc7 on port 6
20190225 22:10:23.833 I 25153 test_device_base.py:171	agatehl1-011q usb_port_power is set at sync
20190225 22:10:24.121 I 25153      rtos_device.py:330	agatehl1-011q checking device readiness
20190225 22:10:24.187 I 25153      rtos_device.py:177	agatehl1-011q FW has minishell_agate
20190225 22:10:24.187 I 25153      rtos_device.py:334	agatehl1-011q check_device_ready responded to gfwv command. Device is ready!
20190225 22:10:24.382 I 25153 test_device_base.py:728	agatehl1-011q starting upgrade
20190225 22:11:31.990 I 25153      build_utils.py:277	agatehl1-011q target firmware_version is 1.0a41
20190225 22:11:31.990 I 25153 test_device_base.py:737	agatehl1-011q Stage 1/4: Obtain build
20190225 22:11:36.335 I 25153      build_utils.py:317	agatehl1-011q obtaining test-Agate-1.0a41-agate-development-0NUV-agate-app-en_US-EU.elf from https://images.testlabs.com/images/Palladium/Builds/1.0a41/Non-production/agate/development/
20190225 22:12:40.273 I 25153      build_utils.py:588	agatehl1-011q acquiring build from gs://images-store/Palladium/Builds/1.0a41/Non-production/agate/development/test-Agate-1.0a41-agate-development-0NUV-agate-app-en_US-EU.elf
20190225 22:12:41.483 I 25153      build_utils.py:602	agatehl1-011q successfully copied build to /tmp/agatehl1-011q/test-Agate-1.0a41-agate-development-0NUV-agate-app-en_US-EU.elf
20190225 22:12:41.484 I 25153    agateHL1_core.py:224	agatehl1-011q Stage 2/4: Place in upgrade mode (MSC)
20190225 22:12:44.798 I 25153    agateHL1_core.py:206	agatehl1-011q successfully reset into MSC mode in 2s.
20190225 22:12:44.799 I 25153    agateHL1_core.py:233	agatehl1-011q Stage 3/4: Transfer file Pavan1 Check TS
20190225 22:12:47.872 I 25153    agateHL1_core.py:236	agatehl1-011q receiving firmware /tmp/agatehl1-011q/test-Agate-1.0a41-agate-development-0NUV-agate-app-en_US-EU.elf
20190225 22:12:47.872 I 25153      usb_storage.py:456	Copying file /tmp/agatehl1-011q/test-Agate-1.0a41-agate-development-0NUV-agate-app-en_US-EU.elf to device
20190225 22:13:46.801 I 25153    agateHL1_core.py:242	agatehl1-011q firmware transfer complete.
20190225 22:13:46.802 I 25153      rtos_device.py:737	agatehl1-011q Stage 4/4: Initiate the upgrade and verify its successful
20190225 22:13:50.262 I 25153      rtos_device.py:743	agatehl1-011q device self reboot successful. Applying software update.
20190225 22:14:21.767 I 25153      rtos_device.py:754	agatehl1-011q software update applied successfully. Booting new software.
20190225 22:14:29.636 I 25153      rtos_device.py:767	agatehl1-011q software boot successful.
20190225 22:14:29.798 I 25153      rtos_device.py:330	agatehl1-011q checking device readiness
20190225 22:14:29.896 I 25153      rtos_device.py:177	agatehl1-011q FW has minishell_agate
20190225 22:14:29.896 I 25153      rtos_device.py:334	agatehl1-011q check_device_ready responded to gfwv command. Device is ready!
20190225 22:14:30.276 I 25153 test_device_base.py:760	agatehl1-011q successfully upgraded to 1.0a41 in 245.893271208 seconds
20190225 22:14:34.259 I 25153      switchboard.py:1426	agatehl1-011q closing switchboard processes
20190225 22:14:36.171 W 25153          manager.py:262	DEPRECATION WARNING: Support for log_file_name argument is ending soon. Please start using log_name_prefix argument instead.
20190225 22:14:36.173 I 25153          manager.py:296	Creating agatehl1-011q
20190225 22:14:36.700 I 25153 test_device_base.py:168	agatehl1-011q adding 'usb_hub' for hub cambrionix-axc7 on port 6
20190225 22:14:36.858 I 25153 test_device_base.py:171	agatehl1-011q usb_port_power is set at sync
20190225 22:14:37.153 I 25153      rtos_device.py:330	agatehl1-011q checking device readiness
20190225 22:14:37.221 I 25153      rtos_device.py:177	agatehl1-011q FW has minishell_agate
20190225 22:14:37.221 I 25153      rtos_device.py:334	agatehl1-011q check_device_ready responded to gfwv command. Device is ready!
20190225 22:14:37.424 I 25153      rtos_device.py:800	agatehl1-011q performing send and verify of command factory_reset
20190225 22:14:41.394 I 25153      rtos_device.py:823	agatehl1-011q command factory_reset successful. It took 3.96949100494s
20190225 22:14:45.727 I 25153      switchboard.py:1426	agatehl1-011q closing switchboard processes
20190225 22:14:46.154 W 25153          manager.py:262	DEPRECATION WARNING: Support for log_file_name argument is ending soon. Please start using log_name_prefix argument instead.
20190225 22:14:46.155 I 25153          manager.py:296	Creating agatehl1-011q
20190225 22:14:46.689 I 25153 test_device_base.py:168	agatehl1-011q adding 'usb_hub' for hub cambrionix-axc7 on port 6
20190225 22:14:46.866 I 25153 test_device_base.py:171	agatehl1-011q usb_port_power is set at sync
20190225 22:14:47.157 I 25153      rtos_device.py:330	agatehl1-011q checking device readiness
20190225 22:14:47.224 I 25153      rtos_device.py:177	agatehl1-011q FW has minishell_agate
20190225 22:14:47.224 I 25153      rtos_device.py:334	agatehl1-011q check_device_ready responded to gfwv command. Device is ready!
20190225 22:14:47.425 I 25153      switchboard.py:1426	agatehl1-011q closing switchboard processes
20190225 22:14:52.308 W 25153          manager.py:262	DEPRECATION WARNING: Support for log_file_name argument is ending soon. Please start using log_name_prefix argument instead.
20190225 22:14:52.309 I 25153          manager.py:296	Creating agatehl1-011q
20190225 22:14:52.839 I 25153 test_device_base.py:168	agatehl1-011q adding 'usb_hub' for hub cambrionix-axc7 on port 6
20190225 22:14:52.997 I 25153 test_device_base.py:171	agatehl1-011q usb_port_power is set at sync
20190225 22:14:53.283 I 25153      rtos_device.py:330	agatehl1-011q checking device readiness
20190225 22:14:53.400 I 25153      rtos_device.py:177	agatehl1-011q FW has minishell_agate
20190225 22:14:53.401 I 25153      rtos_device.py:334	agatehl1-011q check_device_ready responded to gfwv command. Device is ready!
20190225 22:14:57.622 I 25153      switchboard.py:1426	agatehl1-011q closing switchboard processes
20190225 22:14:58.056 W 25153          manager.py:262	DEPRECATION WARNING: Support for log_file_name argument is ending soon. Please start using log_name_prefix argument instead.
20190225 22:14:58.057 I 25153          manager.py:296	Creating agatehl1-011q
20190225 22:14:58.602 I 25153 test_device_base.py:168	agatehl1-011q adding 'usb_hub' for hub cambrionix-axc7 on port 6
20190225 22:14:58.759 I 25153 test_device_base.py:171	agatehl1-011q usb_port_power is set at sync
20190225 22:14:59.051 I 25153      rtos_device.py:330	agatehl1-011q checking device readiness
20190225 22:14:59.168 I 25153      rtos_device.py:177	agatehl1-011q FW has minishell_agate
20190225 22:14:59.169 I 25153      rtos_device.py:334	agatehl1-011q check_device_ready responded to gfwv command. Device is ready!
20190225 22:15:03.343 I 25153      switchboard.py:1426	agatehl1-011q closing switchboard processes
20190225 22:15:03.749 W 25153          manager.py:262	DEPRECATION WARNING: Support for log_file_name argument is ending soon. Please start using log_name_prefix argument instead.
20190225 22:15:03.749 I 25153          manager.py:296	Creating agatehl1-011q
20190225 22:15:04.285 I 25153 test_device_base.py:168	agatehl1-011q adding 'usb_hub' for hub cambrionix-axc7 on port 6
20190225 22:15:04.462 I 25153 test_device_base.py:171	agatehl1-011q usb_port_power is set at sync
20190225 22:15:04.743 I 25153      rtos_device.py:330	agatehl1-011q checking device readiness
20190225 22:15:04.809 I 25153      rtos_device.py:177	agatehl1-011q FW has minishell_agate
20190225 22:15:04.810 I 25153      rtos_device.py:334	agatehl1-011q check_device_ready responded to gfwv command. Device is ready!
20190225 22:15:08.984 I 25153      switchboard.py:1426	agatehl1-011q closing switchboard processes
20190225 22:15:09.430 W 25153          manager.py:262	DEPRECATION WARNING: Support for log_file_name argument is ending soon. Please start using log_name_prefix argument instead.
20190225 22:15:09.431 I 25153          manager.py:296	Creating agatehl1-011q
20190225 22:15:09.972 I 25153 test_device_base.py:168	agatehl1-011q adding 'usb_hub' for hub cambrionix-axc7 on port 6
20190225 22:15:10.134 I 25153 test_device_base.py:171	agatehl1-011q usb_port_power is set at sync
20190225 22:15:10.417 I 25153      rtos_device.py:330	agatehl1-011q checking device readiness
20190225 22:15:10.534 I 25153      rtos_device.py:177	agatehl1-011q FW has minishell_agate
20190225 22:15:10.534 I 25153      rtos_device.py:334	agatehl1-011q check_device_ready responded to gfwv command. Device is ready!
20190225 22:15:14.959 I 25153      switchboard.py:1426	agatehl1-011q closing switchboard processes
20190225 22:15:15.375 W 25153          manager.py:262	DEPRECATION WARNING: Support for log_file_name argument is ending soon. Please start using log_name_prefix argument instead.
20190225 22:15:15.376 I 25153          manager.py:296	Creating agatehl1-011q
20190225 22:15:15.910 I 25153 test_device_base.py:168	agatehl1-011q adding 'usb_hub' for hub cambrionix-axc7 on port 6
20190225 22:15:16.085 I 25153 test_device_base.py:171	agatehl1-011q usb_port_power is set at sync
20190225 22:15:16.375 I 25153      rtos_device.py:330	agatehl1-011q checking device readiness
20190225 22:15:16.443 I 25153      rtos_device.py:177	agatehl1-011q FW has minishell_agate
20190225 22:15:16.444 I 25153      rtos_device.py:334	agatehl1-011q check_device_ready responded to gfwv command. Device is ready!
20190225 22:15:20.720 I 25153      switchboard.py:1426	agatehl1-011q closing switchboard processes
20190225 22:15:21.168 W 25153          manager.py:262	DEPRECATION WARNING: Support for log_file_name argument is ending soon. Please start using log_name_prefix argument instead.
20190225 22:15:21.169 I 25153          manager.py:296	Creating agatehl1-011q
20190225 22:15:21.700 I 25153 test_device_base.py:168	agatehl1-011q adding 'usb_hub' for hub cambrionix-axc7 on port 6
20190225 22:15:21.860 I 25153 test_device_base.py:171	agatehl1-011q usb_port_power is set at sync
20190225 22:15:22.162 I 25153      rtos_device.py:330	agatehl1-011q checking device readiness
20190225 22:15:22.279 I 25153      rtos_device.py:177	agatehl1-011q FW has minishell_agate
20190225 22:15:22.280 I 25153      rtos_device.py:334	agatehl1-011q check_device_ready responded to gfwv command. Device is ready!
20190225 22:15:26.460 I 25153      switchboard.py:1426	agatehl1-011q closing switchboard processes
20190225 22:15:26.902 W 25153          manager.py:262	DEPRECATION WARNING: Support for log_file_name argument is ending soon. Please start using log_name_prefix argument instead.
20190225 22:15:26.903 I 25153          manager.py:296	Creating agatehl1-011q
20190225 22:15:27.471 I 25153 test_device_base.py:168	agatehl1-011q adding 'usb_hub' for hub cambrionix-axc7 on port 6
20190225 22:15:27.631 I 25153 test_device_base.py:171	agatehl1-011q usb_port_power is set at sync
20190225 22:15:27.925 I 25153      rtos_device.py:330	agatehl1-011q checking device readiness
20190225 22:15:28.041 I 25153      rtos_device.py:177	agatehl1-011q FW has minishell_agate
20190225 22:15:28.041 I 25153      rtos_device.py:334	agatehl1-011q check_device_ready responded to gfwv command. Device is ready!
20190225 22:15:32.264 I 25153      switchboard.py:1426	agatehl1-011q closing switchboard processes
20190225 22:15:32.689 W 25153          manager.py:262	DEPRECATION WARNING: Support for log_file_name argument is ending soon. Please start using log_name_prefix argument instead.
20190225 22:15:32.690 I 25153          manager.py:296	Creating agatehl1-011q
20190225 22:15:33.263 I 25153 test_device_base.py:168	agatehl1-011q adding 'usb_hub' for hub cambrionix-axc7 on port 6
20190225 22:15:33.423 I 25153 test_device_base.py:171	agatehl1-011q usb_port_power is set at sync
20190225 22:15:33.722 I 25153      rtos_device.py:330	agatehl1-011q checking device readiness
20190225 22:15:33.789 I 25153      rtos_device.py:177	agatehl1-011q FW has minishell_agate
20190225 22:15:33.789 I 25153      rtos_device.py:334	agatehl1-011q check_device_ready responded to gfwv command. Device is ready!
20190225 22:15:34.073 I 25153      rtos_device.py:800	agatehl1-011q performing send and verify of command reboot
20190225 22:15:37.697 I 25153      rtos_device.py:823	agatehl1-011q command reboot successful. It took 3.62385296822s
20190225 22:15:42.823 I 25153      switchboard.py:1426	agatehl1-011q closing switchboard processes
20190225 22:15:43.259 W 25153          manager.py:262	DEPRECATION WARNING: Support for log_file_name argument is ending soon. Please start using log_name_prefix argument instead.
20190225 22:15:43.261 I 25153          manager.py:296	Creating agatehl1-011q
20190225 22:15:43.793 I 25153 test_device_base.py:168	agatehl1-011q adding 'usb_hub' for hub cambrionix-axc7 on port 6
20190225 22:15:43.969 I 25153 test_device_base.py:171	agatehl1-011q usb_port_power is set at sync
20190225 22:15:44.263 I 25153      rtos_device.py:330	agatehl1-011q checking device readiness
20190225 22:15:44.379 I 25153      rtos_device.py:177	agatehl1-011q FW has minishell_agate
20190225 22:15:44.380 I 25153      rtos_device.py:334	agatehl1-011q check_device_ready responded to gfwv command. Device is ready!
20190225 22:15:50.409 I 25153      rtos_device.py:651	agatehl1-011q successfully reset in 5.82800102234s.
20190225 22:15:54.578 I 25153      switchboard.py:1426	agatehl1-011q closing switchboard processes
20190225 22:15:56.453 W 25153          manager.py:262	DEPRECATION WARNING: Support for log_file_name argument is ending soon. Please start using log_name_prefix argument instead.
20190225 22:15:56.454 I 25153          manager.py:296	Creating agatehl1-011q
20190225 22:15:56.989 I 25153 test_device_base.py:168	agatehl1-011q adding 'usb_hub' for hub cambrionix-axc7 on port 6
20190225 22:15:57.151 I 25153 test_device_base.py:171	agatehl1-011q usb_port_power is set at sync
20190225 22:15:57.433 I 25153      rtos_device.py:330	agatehl1-011q checking device readiness
20190225 22:15:57.499 I 25153      rtos_device.py:177	agatehl1-011q FW has minishell_agate
20190225 22:15:57.499 I 25153      rtos_device.py:334	agatehl1-011q check_device_ready responded to gfwv command. Device is ready!
20190225 22:16:11.619 I 25153      switchboard.py:1426	agatehl1-011q closing switchboard processes
20190225 22:16:12.047 W 25153          manager.py:262	DEPRECATION WARNING: Support for log_file_name argument is ending soon. Please start using log_name_prefix argument instead.
20190225 22:16:12.048 I 25153          manager.py:296	Creating agatehl1-011q
20190225 22:16:12.610 I 25153 test_device_base.py:168	agatehl1-011q adding 'usb_hub' for hub cambrionix-axc7 on port 6
20190225 22:16:12.771 I 25153 test_device_base.py:171	agatehl1-011q usb_port_power is set at sync
20190225 22:16:13.072 I 25153      rtos_device.py:330	agatehl1-011q checking device readiness
20190225 22:16:13.139 I 25153      rtos_device.py:177	agatehl1-011q FW has minishell_agate
20190225 22:16:13.140 I 25153      rtos_device.py:334	agatehl1-011q check_device_ready responded to gfwv command. Device is ready!
20190225 22:16:17.560 I 25153      switchboard.py:1426	agatehl1-011q closing switchboard processes
20190225 22:16:17.985 W 25153          manager.py:262	DEPRECATION WARNING: Support for log_file_name argument is ending soon. Please start using log_name_prefix argument instead.
20190225 22:16:17.986 I 25153          manager.py:296	Creating agatehl1-011q
20190225 22:16:18.516 I 25153 test_device_base.py:168	agatehl1-011q adding 'usb_hub' for hub cambrionix-axc7 on port 6
20190225 22:16:18.675 I 25153 test_device_base.py:171	agatehl1-011q usb_port_power is set at sync
20190225 22:16:18.967 I 25153      rtos_device.py:330	agatehl1-011q checking device readiness
20190225 22:16:19.084 I 25153      rtos_device.py:177	agatehl1-011q FW has minishell_agate
20190225 22:16:19.085 I 25153      rtos_device.py:334	agatehl1-011q check_device_ready responded to gfwv command. Device is ready!
20190225 22:16:23.309 I 25153      switchboard.py:1426	agatehl1-011q closing switchboard processes
20190225 22:16:23.743 W 25153          manager.py:262	DEPRECATION WARNING: Support for log_file_name argument is ending soon. Please start using log_name_prefix argument instead.
20190225 22:16:23.744 I 25153          manager.py:296	Creating agatehl1-011q
20190225 22:16:24.314 I 25153 test_device_base.py:168	agatehl1-011q adding 'usb_hub' for hub cambrionix-axc7 on port 6
20190225 22:16:24.476 I 25153 test_device_base.py:171	agatehl1-011q usb_port_power is set at sync
20190225 22:16:24.775 I 25153      rtos_device.py:330	agatehl1-011q checking device readiness
20190225 22:16:24.842 I 25153      rtos_device.py:177	agatehl1-011q FW has minishell_agate
20190225 22:16:24.843 I 25153      rtos_device.py:334	agatehl1-011q check_device_ready responded to gfwv command. Device is ready!
20190225 22:16:30.964 I 25153      switchboard.py:1426	agatehl1-011q closing switchboard processes
20190225 22:16:31.408 W 25153          manager.py:262	DEPRECATION WARNING: Support for log_file_name argument is ending soon. Please start using log_name_prefix argument instead.
20190225 22:16:31.408 I 25153          manager.py:296	Creating agatehl1-011q
20190225 22:16:31.938 I 25153 test_device_base.py:168	agatehl1-011q adding 'usb_hub' for hub cambrionix-axc7 on port 6
20190225 22:16:32.097 I 25153 test_device_base.py:171	agatehl1-011q usb_port_power is set at sync
20190225 22:16:32.370 I 25153      rtos_device.py:330	agatehl1-011q checking device readiness
20190225 22:16:32.486 I 25153      rtos_device.py:177	agatehl1-011q FW has minishell_agate
20190225 22:16:32.486 I 25153      rtos_device.py:334	agatehl1-011q check_device_ready responded to gfwv command. Device is ready!
20190225 22:16:32.735 E 25153           errors.py:30	Device agatehl1-011q event retrieval failed. Event label bogus_event_label doesn't exist.
20190225 22:16:32.736 E 25153           errors.py:30	Device agatehl1-011q event history retrieval failed. Event label bogus_event_label doesn't exist.
20190225 22:16:32.737 E 25153           errors.py:30	Device agatehl1-011q event history retrieval failed. Event label bogus_event_label doesn't exist.
20190225 22:16:36.661 I 25153      switchboard.py:1426	agatehl1-011q closing switchboard processes
20190225 22:16:37.084 W 25153          manager.py:262	DEPRECATION WARNING: Support for log_file_name argument is ending soon. Please start using log_name_prefix argument instead.
20190225 22:16:37.085 I 25153          manager.py:296	Creating agatehl1-011q
20190225 22:16:37.621 I 25153 test_device_base.py:168	agatehl1-011q adding 'usb_hub' for hub cambrionix-axc7 on port 6
20190225 22:16:37.798 I 25153 test_device_base.py:171	agatehl1-011q usb_port_power is set at sync
20190225 22:16:38.069 I 25153      rtos_device.py:330	agatehl1-011q checking device readiness
20190225 22:16:38.185 I 25153      rtos_device.py:177	agatehl1-011q FW has minishell_agate
20190225 22:16:38.185 I 25153      rtos_device.py:334	agatehl1-011q check_device_ready responded to gfwv command. Device is ready!
20190225 22:16:42.376 I 25153      switchboard.py:1426	agatehl1-011q closing switchboard processes
20190225 22:16:42.808 W 25153          manager.py:262	DEPRECATION WARNING: Support for log_file_name argument is ending soon. Please start using log_name_prefix argument instead.
20190225 22:16:42.809 I 25153          manager.py:296	Creating agatehl1-011q
20190225 22:16:43.343 I 25153 test_device_base.py:168	agatehl1-011q adding 'usb_hub' for hub cambrionix-axc7 on port 6
20190225 22:16:43.502 I 25153 test_device_base.py:171	agatehl1-011q usb_port_power is set at sync
20190225 22:16:43.790 I 25153      rtos_device.py:330	agatehl1-011q checking device readiness
20190225 22:16:43.907 I 25153      rtos_device.py:177	agatehl1-011q FW has minishell_agate
20190225 22:16:43.908 I 25153      rtos_device.py:334	agatehl1-011q check_device_ready responded to gfwv command. Device is ready!
20190225 22:16:48.287 I 25153      switchboard.py:1426	agatehl1-011q closing switchboard processes
20190225 22:16:48.713 W 25153          manager.py:262	DEPRECATION WARNING: Support for log_file_name argument is ending soon. Please start using log_name_prefix argument instead.
20190225 22:16:48.715 I 25153          manager.py:296	Creating agatehl1-011q
20190225 22:16:49.252 I 25153 test_device_base.py:168	agatehl1-011q adding 'usb_hub' for hub cambrionix-axc7 on port 6
20190225 22:16:49.414 I 25153 test_device_base.py:171	agatehl1-011q usb_port_power is set at sync
20190225 22:16:49.701 I 25153      rtos_device.py:330	agatehl1-011q checking device readiness
20190225 22:16:49.768 I 25153      rtos_device.py:177	agatehl1-011q FW has minishell_agate
20190225 22:16:49.769 I 25153      rtos_device.py:334	agatehl1-011q check_device_ready responded to gfwv command. Device is ready!
20190225 22:16:54.047 I 25153      switchboard.py:1426	agatehl1-011q closing switchboard processes
20190225 22:16:54.463 W 25153          manager.py:262	DEPRECATION WARNING: Support for log_file_name argument is ending soon. Please start using log_name_prefix argument instead.
20190225 22:16:54.464 I 25153          manager.py:296	Creating agatehl1-011q
20190225 22:16:54.998 I 25153 test_device_base.py:168	agatehl1-011q adding 'usb_hub' for hub cambrionix-axc7 on port 6
20190225 22:16:55.175 I 25153 test_device_base.py:171	agatehl1-011q usb_port_power is set at sync
20190225 22:16:55.458 I 25153      rtos_device.py:330	agatehl1-011q checking device readiness
20190225 22:16:55.525 I 25153      rtos_device.py:177	agatehl1-011q FW has minishell_agate
20190225 22:16:55.525 I 25153      rtos_device.py:334	agatehl1-011q check_device_ready responded to gfwv command. Device is ready!
20190225 22:16:55.777 I 25153      switchboard.py:1426	agatehl1-011q closing switchboard processes
20190225 22:16:55.855 I 25153          manager.py:296	Creating agatehl1-011q
20190225 22:16:56.423 I 25153 test_device_base.py:168	agatehl1-011q adding 'usb_hub' for hub cambrionix-axc7 on port 6
20190225 22:16:56.584 I 25153 test_device_base.py:171	agatehl1-011q usb_port_power is set at sync
20190225 22:16:56.870 I 25153      rtos_device.py:330	agatehl1-011q checking device readiness
20190225 22:16:56.937 I 25153      rtos_device.py:177	agatehl1-011q FW has minishell_agate
20190225 22:16:56.938 I 25153      rtos_device.py:334	agatehl1-011q check_device_ready responded to gfwv command. Device is ready!
20190225 22:17:05.380 E 25153           errors.py:30	Device agatehl1-011q shell failed. Unable to retrieve response using '\npairing\x00'. Response: 
20190225 22:17:05.381 E 25153           errors.py:30	Device agatehl1-011q's firmware does not support 'pairing' command
20190225 22:17:05.384 I 25153          manager.py:1030	testDeviceError for pairing_state, exception: Traceback (most recent call last):
  File "/home/mobileharness/bots/Testbed-One-Agatehl1-01-bot/w/ir/swarming_task/test_dir/ve/local/lib/python2.7/site-packages/test_device/manager.py", line 1026, in _get_dynamic_property
    value = getattr(ref, prop)
  File "/home/mobileharness/bots/Testbed-One-Agatehl1-01-bot/w/ir/swarming_task/test_dir/ve/local/lib/python2.7/site-packages/test_device/base_classes/rtos_device.py", line 485, in pairing_state
    self.name))
testDeviceError: Device agatehl1-011q's firmware does not support 'pairing' command

20190225 22:17:05.415 I 25153      switchboard.py:1426	agatehl1-011q closing switchboard processes
20190225 22:17:09.214 W 25153          manager.py:262	DEPRECATION WARNING: Support for log_file_name argument is ending soon. Please start using log_name_prefix argument instead.
20190225 22:17:09.215 I 25153          manager.py:296	Creating agatehl1-011q
20190225 22:17:09.748 I 25153 test_device_base.py:168	agatehl1-011q adding 'usb_hub' for hub cambrionix-axc7 on port 6
20190225 22:17:09.906 I 25153 test_device_base.py:171	agatehl1-011q usb_port_power is set at sync
20190225 22:17:10.206 I 25153      rtos_device.py:330	agatehl1-011q checking device readiness
20190225 22:17:10.324 I 25153      rtos_device.py:177	agatehl1-011q FW has minishell_agate
20190225 22:17:10.324 I 25153      rtos_device.py:334	agatehl1-011q check_device_ready responded to gfwv command. Device is ready!
20190225 22:17:10.526 I 25153      switchboard.py:1426	agatehl1-011q closing switchboard processes
20190225 22:17:10.578 I 25153      rtos_device.py:108	Detecting /dev/serial/by-id/usb-FTDI_AgateHL1_5afb6939-if02-port0 device on serial port agatehl1
20190225 22:17:10.834 I 25153      rtos_device.py:330		agatehl1_detect checking device readiness
20190225 22:17:10.905 I 25153      rtos_device.py:177		agatehl1_detect FW has minishell_agate
20190225 22:17:10.906 I 25153      rtos_device.py:334		agatehl1_detect check_device_ready responded to gfwv command. Device is ready!
20190225 22:17:12.458 I 25153      switchboard.py:1426		agatehl1_detect closing switchboard processes
20190225 22:17:16.259 W 25153          manager.py:262	DEPRECATION WARNING: Support for log_file_name argument is ending soon. Please start using log_name_prefix argument instead.
20190225 22:17:16.260 I 25153          manager.py:296	Creating agatehl1-011q
20190225 22:17:16.789 I 25153 test_device_base.py:168	agatehl1-011q adding 'usb_hub' for hub cambrionix-axc7 on port 6
20190225 22:17:16.965 I 25153 test_device_base.py:171	agatehl1-011q usb_port_power is set at sync
20190225 22:17:17.246 I 25153      rtos_device.py:330	agatehl1-011q checking device readiness
20190225 22:17:17.313 I 25153      rtos_device.py:177	agatehl1-011q FW has minishell_agate
20190225 22:17:17.313 I 25153      rtos_device.py:334	agatehl1-011q check_device_ready responded to gfwv command. Device is ready!
20190225 22:17:21.487 I 25153      switchboard.py:1426	agatehl1-011q closing switchboard processes
20190225 22:17:21.914 W 25153          manager.py:262	DEPRECATION WARNING: Support for log_file_name argument is ending soon. Please start using log_name_prefix argument instead.
20190225 22:17:21.914 I 25153          manager.py:296	Creating agatehl1-011q
20190225 22:17:22.459 I 25153 test_device_base.py:168	agatehl1-011q adding 'usb_hub' for hub cambrionix-axc7 on port 6
20190225 22:17:22.619 I 25153 test_device_base.py:171	agatehl1-011q usb_port_power is set at sync
20190225 22:17:22.908 I 25153      rtos_device.py:330	agatehl1-011q checking device readiness
20190225 22:17:22.974 I 25153      rtos_device.py:177	agatehl1-011q FW has minishell_agate
20190225 22:17:22.975 I 25153      rtos_device.py:334	agatehl1-011q check_device_ready responded to gfwv command. Device is ready!
20190225 22:17:27.203 I 25153      switchboard.py:1426	agatehl1-011q closing switchboard processes
20190225 22:17:27.641 W 25153          manager.py:262	DEPRECATION WARNING: Support for log_file_name argument is ending soon. Please start using log_name_prefix argument instead.
20190225 22:17:27.642 I 25153          manager.py:296	Creating agatehl1-011q
20190225 22:17:28.174 I 25153 test_device_base.py:168	agatehl1-011q adding 'usb_hub' for hub cambrionix-axc7 on port 6
20190225 22:17:28.351 I 25153 test_device_base.py:171	agatehl1-011q usb_port_power is set at sync
20190225 22:17:28.633 I 25153      rtos_device.py:330	agatehl1-011q checking device readiness
20190225 22:17:28.699 I 25153      rtos_device.py:177	agatehl1-011q FW has minishell_agate
20190225 22:17:28.699 I 25153      rtos_device.py:334	agatehl1-011q check_device_ready responded to gfwv command. Device is ready!
20190225 22:17:32.882 I 25153      switchboard.py:1426	agatehl1-011q closing switchboard processes
20190225 22:17:33.323 W 25153          manager.py:262	DEPRECATION WARNING: Support for log_file_name argument is ending soon. Please start using log_name_prefix argument instead.
20190225 22:17:33.324 I 25153          manager.py:296	Creating agatehl1-011q
20190225 22:17:33.858 I 25153 test_device_base.py:168	agatehl1-011q adding 'usb_hub' for hub cambrionix-axc7 on port 6
20190225 22:17:34.024 I 25153 test_device_base.py:171	agatehl1-011q usb_port_power is set at sync
20190225 22:17:34.296 I 25153      rtos_device.py:330	agatehl1-011q checking device readiness
20190225 22:17:34.412 I 25153      rtos_device.py:177	agatehl1-011q FW has minishell_agate
20190225 22:17:34.412 I 25153      rtos_device.py:334	agatehl1-011q check_device_ready responded to gfwv command. Device is ready!
20190225 22:17:38.597 I 25153      switchboard.py:1426	agatehl1-011q closing switchboard processes
20190225 22:17:39.005 W 25153          manager.py:262	DEPRECATION WARNING: Support for log_file_name argument is ending soon. Please start using log_name_prefix argument instead.
20190225 22:17:39.006 I 25153          manager.py:296	Creating agatehl1-011q
20190225 22:17:39.539 I 25153 test_device_base.py:168	agatehl1-011q adding 'usb_hub' for hub cambrionix-axc7 on port 6
20190225 22:17:39.715 I 25153 test_device_base.py:171	agatehl1-011q usb_port_power is set at sync
20190225 22:17:39.991 I 25153      rtos_device.py:330	agatehl1-011q checking device readiness
20190225 22:17:40.107 I 25153      rtos_device.py:177	agatehl1-011q FW has minishell_agate
20190225 22:17:40.108 I 25153      rtos_device.py:334	agatehl1-011q check_device_ready responded to gfwv command. Device is ready!
20190225 22:17:44.331 I 25153      switchboard.py:1426	agatehl1-011q closing switchboard processes
20190225 22:17:44.385 I 25153          manager.py:296	Creating agatehl1-011q
20190225 22:17:44.912 I 25153 test_device_base.py:168	agatehl1-011q adding 'usb_hub' for hub cambrionix-axc7 on port 6
20190225 22:17:45.088 I 25153 test_device_base.py:171	agatehl1-011q usb_port_power is set at sync
20190225 22:17:45.379 I 25153      rtos_device.py:330	agatehl1-011q checking device readiness
20190225 22:17:45.446 I 25153      rtos_device.py:177	agatehl1-011q FW has minishell_agate
20190225 22:17:45.446 I 25153      rtos_device.py:334	agatehl1-011q check_device_ready responded to gfwv command. Device is ready!
20190225 22:17:45.449 I 25153      switchboard.py:1426	agatehl1-011q closing switchboard processes
